#
# There is insufficient memory for the Java Runtime Environment to continue.
# Native memory allocation (mmap) failed to map 251658240 bytes for G1 virtual space
# Possible reasons:
#   The system is out of physical RAM or swap space
#   The process is running with CompressedOops enabled, and the Java Heap may be blocking the growth of the native heap
# Possible solutions:
#   Reduce memory load on the system
#   Increase physical memory or swap space
#   Check if swap backing store is full
#   Decrease Java heap size (-Xmx/-Xms)
#   Decrease number of Java threads
#   Decrease Java thread stack sizes (-Xss)
#   Set larger code cache with -XX:ReservedCodeCacheSize=
#   JVM is running with Zero Based Compressed Oops mode in which the Java heap is
#     placed in the first 32GB address space. The Java Heap base address is the
#     maximum limit for the native heap growth. Please use -XX:HeapBaseMinAddress
#     to set the Java Heap base and to place the Java Heap above 32GB virtual address.
# This output file may be truncated or incomplete.
#
#  Out of Memory Error (os_windows.cpp:3600), pid=15304, tid=17056
#
# JRE version:  (21.0.1+12) (build )
# Java VM: Java HotSpot(TM) 64-Bit Server VM (21.0.1+12-LTS-29, mixed mode, sharing, tiered, compressed oops, compressed class ptrs, g1 gc, windows-amd64)
# No core dump will be written. Minidumps are not enabled by default on client versions of Windows
#

---------------  S U M M A R Y ------------

Command Line: -Dnet.bytebuddy.agent.attacher.dump= net.bytebuddy.agent.Attacher com.sun.tools.attach.VirtualMachine 6936 C:\Users\Rocha\.m2\repository\net\bytebuddy\byte-buddy-agent\1.14.8\byte-buddy-agent-1.14.8.jar false 

Host: AMD Ryzen 7 PRO 2700U w/ Radeon Vega Mobile Gfx, 8 cores, 14G,  Windows 10 , 64 bit Build 19041 (10.0.19041.3031)
Time: Sat Dec  2 22:17:57 2023 Hora est. Pacífico, Sudamérica elapsed time: 0.025945 seconds (0d 0h 0m 0s)

---------------  T H R E A D  ---------------

Current thread (0x000001adf82685f0):  JavaThread "Unknown thread" [_thread_in_vm, id=17056, stack(0x0000001d2ac00000,0x0000001d2ad00000) (1024K)]

Stack: [0x0000001d2ac00000,0x0000001d2ad00000]
Native frames: (J=compiled Java code, j=interpreted, Vv=VM code, C=native code)
V  [jvm.dll+0x6c9029]
V  [jvm.dll+0x854b81]
V  [jvm.dll+0x856e5e]
V  [jvm.dll+0x857543]
V  [jvm.dll+0x280c06]
V  [jvm.dll+0x6c5715]
V  [jvm.dll+0x6ba10a]
V  [jvm.dll+0x3557ea]
V  [jvm.dll+0x35d436]
V  [jvm.dll+0x3ae1be]
V  [jvm.dll+0x3ae468]
V  [jvm.dll+0x3291fc]
V  [jvm.dll+0x329d8b]
V  [jvm.dll+0x81d179]
V  [jvm.dll+0x3bb4f1]
V  [jvm.dll+0x805ae8]
V  [jvm.dll+0x44effe]
V  [jvm.dll+0x450901]
C  [jli.dll+0x52a3]
C  [ucrtbase.dll+0x21bb2]
C  [KERNEL32.DLL+0x17614]
C  [ntdll.dll+0x526f1]


---------------  P R O C E S S  ---------------

Threads class SMR info:
_java_thread_list=0x00007ffb4f449b88, length=0, elements={
}

Java Threads: ( => current thread )
Total: 0

Other Threads:
  0x000001adfa5906f0 WorkerThread "GC Thread#0"                     [id=5752, stack(0x0000001d2ad00000,0x0000001d2ae00000) (1024K)]
  0x000001adfa5a2400 ConcurrentGCThread "G1 Main Marker"            [id=5832, stack(0x0000001d2ae00000,0x0000001d2af00000) (1024K)]
  0x000001adfa5a31e0 WorkerThread "G1 Conc#0"                       [id=20168, stack(0x0000001d2af00000,0x0000001d2b000000) (1024K)]

[error occurred during error reporting (printing all threads), id 0xc0000005, EXCEPTION_ACCESS_VIOLATION (0xc0000005) at pc=0x00007ffb4ebbc2c7]
VM state: not at safepoint (not fully initialized)

VM Mutex/Monitor currently owned by a thread:  ([mutex/lock_event])
[0x00007ffb4f4ba6f8] Heap_lock - owner thread: 0x000001adf82685f0

Heap address: 0x0000000711000000, size: 3824 MB, Compressed Oops mode: Zero based, Oop shift amount: 3

CDS archive(s) mapped at: [0x0000000000000000-0x0000000000000000-0x0000000000000000), size 0, SharedBaseAddress: 0x0000000800000000, ArchiveRelocationMode: 1.
Narrow klass base: 0x0000000000000000, Narrow klass shift: 0, Narrow klass range: 0x0

GC Precious Log:
 CardTable entry size: 512
 Card Set container configuration: InlinePtr #cards 4 size 8 Array Of Cards #cards 16 size 48 Howl #buckets 8 coarsen threshold 3686 Howl Bitmap #cards 512 size 80 coarsen threshold 460 Card regions per heap region 1 cards per card region 4096

Heap:
 garbage-first heap   total 0K, used 0K [0x0000000711000000, 0x0000000800000000)
  region size 2048K, 0 young (0K), 0 survivors (0K)

[error occurred during error reporting (printing heap information), id 0xc0000005, EXCEPTION_ACCESS_VIOLATION (0xc0000005) at pc=0x00007ffb4efa1be9]
GC Heap History (0 events):
No events

Dll operation events (1 events):
Event: 0.016 Loaded shared library C:\Program Files\Java\jdk-21\bin\java.dll

Deoptimization events (0 events):
No events

Classes loaded (0 events):
No events

Classes unloaded (0 events):
No events

Classes redefined (0 events):
No events

Internal exceptions (0 events):
No events

ZGC Phase Switch (0 events):
No events

VM Operations (0 events):
No events

Events (0 events):
No events


Dynamic libraries:
0x00007ff7244c0000 - 0x00007ff7244d0000 	C:\Program Files\Java\jdk-21\bin\java.exe
0x00007ffbecf90000 - 0x00007ffbed188000 	C:\WINDOWS\SYSTEM32\ntdll.dll
0x00007ffbeb220000 - 0x00007ffbeb2df000 	C:\WINDOWS\System32\KERNEL32.DLL
0x00007ffbeaba0000 - 0x00007ffbeae96000 	C:\WINDOWS\System32\KERNELBASE.dll
0x0000000050dd0000 - 0x0000000051102000 	C:\Program Files\Norton Security\NortonData\22.22.2.10\Definitions\IPSDefs\20231201.064\IPSEng64.dll
0x00007ffbeb2e0000 - 0x00007ffbeb38f000 	C:\WINDOWS\System32\ADVAPI32.dll
0x00007ffbeb070000 - 0x00007ffbeb10e000 	C:\WINDOWS\System32\msvcrt.dll
0x00007ffbeceb0000 - 0x00007ffbecf4c000 	C:\WINDOWS\System32\sechost.dll
0x00007ffbecad0000 - 0x00007ffbecbf6000 	C:\WINDOWS\System32\RPCRT4.dll
0x00007ffbeb560000 - 0x00007ffbeb568000 	C:\WINDOWS\System32\PSAPI.DLL
0x00007ffbeaaa0000 - 0x00007ffbeaba0000 	C:\WINDOWS\System32\ucrtbase.dll
0x00007ffbca820000 - 0x00007ffbca839000 	C:\Program Files\Java\jdk-21\bin\jli.dll
0x00007ffbceff0000 - 0x00007ffbcf00b000 	C:\Program Files\Java\jdk-21\bin\VCRUNTIME140.dll
0x00007ffbeb780000 - 0x00007ffbeb91d000 	C:\WINDOWS\System32\USER32.dll
0x00007ffbeafc0000 - 0x00007ffbeafe2000 	C:\WINDOWS\System32\win32u.dll
0x00007ffbece80000 - 0x00007ffbeceac000 	C:\WINDOWS\System32\GDI32.dll
0x00007ffbd21b0000 - 0x00007ffbd244a000 	C:\WINDOWS\WinSxS\amd64_microsoft.windows.common-controls_6595b64144ccf1df_6.0.19041.1110_none_60b5254171f9507e\COMCTL32.dll
0x00007ffbeaea0000 - 0x00007ffbeafb5000 	C:\WINDOWS\System32\gdi32full.dll
0x00007ffbea670000 - 0x00007ffbea70d000 	C:\WINDOWS\System32\msvcp_win.dll
0x00007ffbe0fb0000 - 0x00007ffbe0fba000 	C:\WINDOWS\SYSTEM32\VERSION.dll
0x00007ffbeb9d0000 - 0x00007ffbeba00000 	C:\WINDOWS\System32\IMM32.DLL
0x00007ffbd17a0000 - 0x00007ffbd17ac000 	C:\Program Files\Java\jdk-21\bin\vcruntime140_1.dll
0x00007ffbad110000 - 0x00007ffbad19e000 	C:\Program Files\Java\jdk-21\bin\msvcp140.dll
0x00007ffb4e880000 - 0x00007ffb4f595000 	C:\Program Files\Java\jdk-21\bin\server\jvm.dll
0x00007ffbeba00000 - 0x00007ffbeba6b000 	C:\WINDOWS\System32\WS2_32.dll
0x00007ffbea4e0000 - 0x00007ffbea52b000 	C:\WINDOWS\SYSTEM32\POWRPROF.dll
0x00007ffbe0d00000 - 0x00007ffbe0d27000 	C:\WINDOWS\SYSTEM32\WINMM.dll
0x00007ffbea4c0000 - 0x00007ffbea4d2000 	C:\WINDOWS\SYSTEM32\UMPDC.dll
0x00007ffbe8e70000 - 0x00007ffbe8e82000 	C:\WINDOWS\SYSTEM32\kernel.appcore.dll
0x00007ffbcf0e0000 - 0x00007ffbcf0ea000 	C:\Program Files\Java\jdk-21\bin\jimage.dll
0x00007ffbe84b0000 - 0x00007ffbe8694000 	C:\WINDOWS\SYSTEM32\DBGHELP.DLL
0x00007ffbcbf10000 - 0x00007ffbcbf44000 	C:\WINDOWS\SYSTEM32\dbgcore.DLL
0x00007ffbeaa10000 - 0x00007ffbeaa92000 	C:\WINDOWS\System32\bcryptPrimitives.dll
0x00007ffbc8170000 - 0x00007ffbc818f000 	C:\Program Files\Java\jdk-21\bin\java.dll

dbghelp: loaded successfully - version: 4.0.5 - missing functions: none
symbol engine: initialized successfully - sym options: 0x614 - pdb path: .;C:\Program Files\Java\jdk-21\bin;C:\WINDOWS\SYSTEM32;C:\Program Files\Norton Security\NortonData\22.22.2.10\Definitions\IPSDefs\20231201.064;C:\WINDOWS\WinSxS\amd64_microsoft.windows.common-controls_6595b64144ccf1df_6.0.19041.1110_none_60b5254171f9507e;C:\Program Files\Java\jdk-21\bin\server

VM Arguments:
jvm_args: -Dnet.bytebuddy.agent.attacher.dump= 
java_command: net.bytebuddy.agent.Attacher com.sun.tools.attach.VirtualMachine 6936 C:\Users\Rocha\.m2\repository\net\bytebuddy\byte-buddy-agent\1.14.8\byte-buddy-agent-1.14.8.jar false 
java_class_path (initial): C:\Users\Rocha\.m2\repository\net\bytebuddy\byte-buddy-agent\1.14.8\byte-buddy-agent-1.14.8.jar
Launcher Type: SUN_STANDARD

[Global flags]
     intx CICompilerCount                          = 4                                         {product} {ergonomic}
     uint ConcGCThreads                            = 2                                         {product} {ergonomic}
     uint G1ConcRefinementThreads                  = 8                                         {product} {ergonomic}
   size_t G1HeapRegionSize                         = 2097152                                   {product} {ergonomic}
    uintx GCDrainStackTargetSize                   = 64                                        {product} {ergonomic}
   size_t InitialHeapSize                          = 251658240                                 {product} {ergonomic}
   size_t MarkStackSize                            = 4194304                                   {product} {ergonomic}
   size_t MaxHeapSize                              = 4009754624                                {product} {ergonomic}
   size_t MinHeapDeltaBytes                        = 2097152                                   {product} {ergonomic}
   size_t MinHeapSize                              = 8388608                                   {product} {ergonomic}
    uintx NonNMethodCodeHeapSize                   = 5839372                                {pd product} {ergonomic}
    uintx NonProfiledCodeHeapSize                  = 122909434                              {pd product} {ergonomic}
    uintx ProfiledCodeHeapSize                     = 122909434                              {pd product} {ergonomic}
    uintx ReservedCodeCacheSize                    = 251658240                              {pd product} {ergonomic}
     bool SegmentedCodeCache                       = true                                      {product} {ergonomic}
   size_t SoftMaxHeapSize                          = 4009754624                             {manageable} {ergonomic}
     bool UseCompressedOops                        = true                           {product lp64_product} {ergonomic}
     bool UseG1GC                                  = true                                      {product} {ergonomic}
     bool UseLargePagesIndividualAllocation        = false                                  {pd product} {ergonomic}

Logging:
Log output configuration:
 #0: stdout all=warning uptime,level,tags foldmultilines=false
 #1: stderr all=off uptime,level,tags foldmultilines=false

Environment Variables:
JAVA_HOME=C:\Program Files\Java\jdk-21
PATH=C:/Users/Rocha/Downloads/sts-4.20.1.RELEASE//plugins/org.eclipse.justj.openjdk.hotspot.jre.full.win32.x86_64_17.0.8.v20230831-1047/jre/bin/server;C:/Users/Rocha/Downloads/sts-4.20.1.RELEASE//plugins/org.eclipse.justj.openjdk.hotspot.jre.full.win32.x86_64_17.0.8.v20230831-1047/jre/bin;C:\Program Files\Common Files\Oracle\Java\javapath;C:\WINDOWS\system32;C:\WINDOWS;C:\WINDOWS\System32\Wbem;C:\WINDOWS\System32\WindowsPowerShell\v1.0\;C:\WINDOWS\System32\OpenSSH\;%JAVA_HOME%\bin;C:\ProgramData\chocolatey\bin;C:\Program Files\Git\cmd;C:\Program Files\Docker\Docker\resources\bin;C:\apache-maven-3.9.5\bin;C:\Users\Rocha\AppData\Local\Microsoft\WindowsApps;;C:\Users\Rocha\AppData\Local\Programs\Microsoft VS Code\bin;C:\Users\Rocha\Downloads\sts-4.20.1.RELEASE;
USERNAME=Rocha
OS=Windows_NT
PROCESSOR_IDENTIFIER=AMD64 Family 23 Model 17 Stepping 0, AuthenticAMD
TMP=C:\Users\Rocha\AppData\Local\Temp
TEMP=C:\Users\Rocha\AppData\Local\Temp




Periodic native trim disabled

---------------  S Y S T E M  ---------------

OS:
 Windows 10 , 64 bit Build 19041 (10.0.19041.3031)
OS uptime: 1 days 4:54 hours
Hyper-V role detected

CPU: total 8 (initial active 8) (8 cores per cpu, 2 threads per core) family 23 model 17 stepping 0 microcode 0x0, cx8, cmov, fxsr, ht, mmx, 3dnowpref, sse, sse2, sse3, ssse3, sse4a, sse4.1, sse4.2, popcnt, lzcnt, tsc, tscinvbit, avx, avx2, aes, clmul, bmi1, bmi2, adx, sha, fma, vzeroupper, clflush, clflushopt, hv, rdtscp, f16c
Processor Information for all 8 processors :
  Max Mhz: 2200, Current Mhz: 2200, Mhz Limit: 2200

Memory: 4k page, system-wide physical 15293M (330M free)
TotalPageFile size 45694M (AvailPageFile size 153M)
current process WorkingSet (physical memory assigned to process): 11M, peak: 11M
current process commit charge ("private bytes"): 61M, peak: 301M

vm_info: Java HotSpot(TM) 64-Bit Server VM (21.0.1+12-LTS-29) for windows-amd64 JRE (21.0.1+12-LTS-29), built on 2023-10-05T13:27:09Z by "mach5one" with MS VC++ 17.1 (VS2022)

END.
